<?xml version="1.0" encoding="UTF-8"?>
<!-- Generated by org.testng.reporters.JUnitXMLReporter -->
<testsuite ignored="2" hostname="LAPTOP-6MELK31E" failures="0" tests="2" name="Test" time="4.037" errors="0" timestamp="2025-04-14T13:40:39 IST">
  <testcase classname="com.ninza.hrm.api.employeetest.createEmployee" name="addEmployee" time="3.638"/>
  <testcase classname="com.ninza.hrm.api.projecttest.createProject" name="addSingleProjectWithCreated" time="0.345"/>
  <testcase classname="com.ninza.hrm.api.BaseClass.BaseApiClass" name="@AfterSuite afterSuite" time="0.0">
    <ignored/>
  </testcase> <!-- @AfterSuite afterSuite -->
  <testcase classname="com.ninza.hrm.api.BaseClass.BaseApiClass" name="@BeforeSuite beforeSuite" time="0.0">
    <ignored/>
  </testcase> <!-- @BeforeSuite beforeSuite -->
</testsuite> <!-- Test -->
