<?xml version="1.0" encoding="UTF-8"?>
<testng-results ignored="2" total="4" passed="2" failed="0" skipped="0">
  <reporter-output>
  </reporter-output>
  <suite started-at="2025-04-14T13:40:35 IST" name="Suite" finished-at="2025-04-14T13:40:39 IST" duration-ms="4037">
    <groups>
    </groups>
    <test started-at="2025-04-14T13:40:35 IST" name="Test" finished-at="2025-04-14T13:40:39 IST" duration-ms="4037">
      <class name="com.ninza.hrm.api.employeetest.createEmployee">
        <test-method is-config="true" signature="beforeSuite()[pri:0, instance:com.ninza.hrm.api.employeetest.createEmployee@6c6cb480]" started-at="2025-04-14T13:40:33 IST" name="beforeSuite" finished-at="2025-04-14T13:40:35 IST" duration-ms="1542" status="PASS">
          <reporter-output>
          </reporter-output>
        </test-method> <!-- beforeSuite -->
        <test-method signature="addEmployee()[pri:0, instance:com.ninza.hrm.api.employeetest.createEmployee@6c6cb480]" started-at="2025-04-14T13:40:35 IST" name="addEmployee" finished-at="2025-04-14T13:40:39 IST" duration-ms="3638" status="PASS">
          <reporter-output>
          </reporter-output>
        </test-method> <!-- addEmployee -->
        <test-method is-config="true" signature="afterSuite()[pri:0, instance:com.ninza.hrm.api.employeetest.createEmployee@6c6cb480]" started-at="2025-04-14T13:40:39 IST" name="afterSuite" finished-at="2025-04-14T13:40:39 IST" duration-ms="2" status="PASS">
          <reporter-output>
          </reporter-output>
        </test-method> <!-- afterSuite -->
      </class> <!-- com.ninza.hrm.api.employeetest.createEmployee -->
      <class name="com.ninza.hrm.api.projecttest.createProject">
        <test-method signature="addSingleProjectWithCreated()[pri:0, instance:com.ninza.hrm.api.projecttest.createProject@3c41ed1d]" started-at="2025-04-14T13:40:39 IST" name="addSingleProjectWithCreated" finished-at="2025-04-14T13:40:39 IST" duration-ms="345" status="PASS">
          <reporter-output>
          </reporter-output>
        </test-method> <!-- addSingleProjectWithCreated -->
      </class> <!-- com.ninza.hrm.api.projecttest.createProject -->
    </test> <!-- Test -->
  </suite> <!-- Suite -->
</testng-results>
