<?xml version="1.0" encoding="UTF-8"?>
<testng-results ignored="0" total="1" passed="1" failed="0" skipped="0">
  <reporter-output>
  </reporter-output>
  <suite started-at="2025-06-17T15:35:08 IST" name="Default suite" finished-at="2025-06-17T15:35:33 IST" duration-ms="25707">
    <groups>
    </groups>
    <test started-at="2025-06-17T15:35:08 IST" name="Default test" finished-at="2025-06-17T15:35:33 IST" duration-ms="25707">
      <class name="com.ninza.hrm.api.projecttest.createProject">
        <test-method is-config="true" signature="beforeSuite()[pri:0, instance:com.ninza.hrm.api.projecttest.createProject@3c41ed1d]" started-at="2025-06-17T15:35:06 IST" name="beforeSuite" finished-at="2025-06-17T15:35:08 IST" duration-ms="1369" status="PASS">
          <reporter-output>
          </reporter-output>
        </test-method> <!-- beforeSuite -->
        <test-method signature="addSingleProject()[pri:0, instance:com.ninza.hrm.api.projecttest.createProject@3c41ed1d]" started-at="2025-06-17T15:35:08 IST" name="addSingleProject" finished-at="2025-06-17T15:35:33 IST" duration-ms="25656" status="PASS">
          <reporter-output>
          </reporter-output>
        </test-method> <!-- addSingleProject -->
        <test-method is-config="true" signature="afterSuite()[pri:0, instance:com.ninza.hrm.api.projecttest.createProject@3c41ed1d]" started-at="2025-06-17T15:35:33 IST" name="afterSuite" finished-at="2025-06-17T15:35:33 IST" duration-ms="1" status="PASS">
          <reporter-output>
          </reporter-output>
        </test-method> <!-- afterSuite -->
      </class> <!-- com.ninza.hrm.api.projecttest.createProject -->
    </test> <!-- Default test -->
  </suite> <!-- Default suite -->
</testng-results>
